-----------------------------
Round 0
Baby num: 5
Male adult num: 0
Female adult num: 0
Vampire num: 0
Total num: 5
-----------------------------
Round 1
Baby num: 0
Male adult num: 0
Female adult num: 5
Vampire num: 0
Total num: 5
-----------------------------
Round 2
Baby num: 0
Male adult num: 0
Female adult num: 5
Vampire num: 0
Total num: 5
-----------------------------
Round 3
Baby num: 0
Male adult num: 0
Female adult num: 5
Vampire num: 0
Total num: 5
-----------------------------
Round 4
Baby num: 0
Male adult num: 0
Female adult num: 5
Vampire num: 0
Total num: 5
-----------------------------
Round 5
Baby num: 0
Male adult num: 0
Female adult num: 5
Vampire num: 0
Total num: 5
-----------------------------
Round 6
Baby num: 0
Male adult num: 0
Female adult num: 5
Vampire num: 0
Total num: 5
-----------------------------
Round 7
Baby num: 0
Male adult num: 0
Female adult num: 5
Vampire num: 0
Total num: 5
-----------------------------
Round 8
Baby num: 0
Male adult num: 0
Female adult num: 5
Vampire num: 0
Total num: 5
-----------------------------
Round 9
Baby num: 0
Male adult num: 0
Female adult num: 5
Vampire num: 0
Total num: 5
-----------------------------
Round 0
Baby num: 5
Male adult num: 0
Female adult num: 0
Vampire num: 0
Total num: 5
-----------------------------
Round 1
Baby num: 3
Male adult num: 2
Female adult num: 3
Vampire num: 0
Total num: 8
-----------------------------
Round 2
Baby num: 6
Male adult num: 2
Female adult num: 3
Vampire num: 0
Total num: 11
-----------------------------
Round 3
Baby num: 7
Male adult num: 4
Female adult num: 4
Vampire num: 0
Total num: 15
-----------------------------
Round 4
Baby num: 9
Male adult num: 6
Female adult num: 5
Vampire num: 0
Total num: 20
-----------------------------
Round 5
Baby num: 13
Male adult num: 5
Female adult num: 9
Vampire num: 2
Total num: 29
-----------------------------
Round 6
Baby num: 20
Male adult num: 6
Female adult num: 11
Vampire num: 4
Total num: 41
-----------------------------
Round 7
Baby num: 26
Male adult num: 8
Female adult num: 12
Vampire num: 10
Total num: 56
-----------------------------
Round 8
Baby num: 31
Male adult num: 12
Female adult num: 10
Vampire num: 20
Total num: 73
-----------------------------
Round 9
Baby num: 36
Male adult num: 6
Female adult num: 10
Vampire num: 40
Total num: 92
-----------------------------
Round 10
Baby num: 31
Male adult num: 0
Female adult num: 0
Vampire num: 80
Total num: 111
-----------------------------
Round 11
Baby num: 0
Male adult num: 0
Female adult num: 0
Vampire num: 117
Total num: 117
-----------------------------
Round 12
Baby num: 0
Male adult num: 0
Female adult num: 0
Vampire num: 117
Total num: 117
-----------------------------
Round 13
Baby num: 0
Male adult num: 0
Female adult num: 0
Vampire num: 117
Total num: 117
-----------------------------
Round 14
Baby num: 0
Male adult num: 0
Female adult num: 0
Vampire num: 117
Total num: 117
-----------------------------
Round 15
Baby num: 0
Male adult num: 0
Female adult num: 0
Vampire num: 117
Total num: 117
-----------------------------
Round 16
Baby num: 0
Male adult num: 0
Female adult num: 0
Vampire num: 117
Total num: 117
-----------------------------
Round 17
Baby num: 0
Male adult num: 0
Female adult num: 0
Vampire num: 117
Total num: 117
-----------------------------
Round 18
Baby num: 0
Male adult num: 0
Female adult num: 0
Vampire num: 117
Total num: 117
-----------------------------
Round 19
Baby num: 0
Male adult num: 0
Female adult num: 0
Vampire num: 117
Total num: 117
-----------------------------
Round 20
Baby num: 0
Male adult num: 0
Female adult num: 0
Vampire num: 117
Total num: 117
-----------------------------
Round 21
Baby num: 0
Male adult num: 0
Female adult num: 0
Vampire num: 117
Total num: 117
-----------------------------
Round 22
Baby num: 0
Male adult num: 0
Female adult num: 0
Vampire num: 117
Total num: 117
-----------------------------
Round 23
Baby num: 0
Male adult num: 0
Female adult num: 0
Vampire num: 117
Total num: 117
-----------------------------
Round 24
Baby num: 0
Male adult num: 0
Female adult num: 0
Vampire num: 117
Total num: 117
-----------------------------
Round 25
Baby num: 0
Male adult num: 0
Female adult num: 0
Vampire num: 117
Total num: 117
-----------------------------
Round 26
Baby num: 0
Male adult num: 0
Female adult num: 0
Vampire num: 117
Total num: 117
-----------------------------
Round 27
Baby num: 0
Male adult num: 0
Female adult num: 0
Vampire num: 117
Total num: 117
-----------------------------
Round 28
Baby num: 0
Male adult num: 0
Female adult num: 0
Vampire num: 117
Total num: 117
-----------------------------
Round 29
Baby num: 0
Male adult num: 0
Female adult num: 0
Vampire num: 117
Total num: 117
-----------------------------
Round 30
Baby num: 0
Male adult num: 0
Female adult num: 0
Vampire num: 117
Total num: 117
-----------------------------
Round 31
Baby num: 0
Male adult num: 0
Female adult num: 0
Vampire num: 117
Total num: 117
-----------------------------
Round 32
Baby num: 0
Male adult num: 0
Female adult num: 0
Vampire num: 117
Total num: 117
-----------------------------
Round 33
Baby num: 0
Male adult num: 0
Female adult num: 0
Vampire num: 117
Total num: 117
-----------------------------
Round 34
Baby num: 0
Male adult num: 0
Female adult num: 0
Vampire num: 117
Total num: 117
-----------------------------
Round 35
Baby num: 0
Male adult num: 0
Female adult num: 0
Vampire num: 117
Total num: 117
-----------------------------
Round 36
Baby num: 0
Male adult num: 0
Female adult num: 0
Vampire num: 117
Total num: 117
-----------------------------
Round 37
Baby num: 0
Male adult num: 0
Female adult num: 0
Vampire num: 117
Total num: 117
-----------------------------
Round 38
Baby num: 0
Male adult num: 0
Female adult num: 0
Vampire num: 117
Total num: 117
-----------------------------
Round 39
Baby num: 0
Male adult num: 0
Female adult num: 0
Vampire num: 117
Total num: 117
-----------------------------
Round 40
Baby num: 0
Male adult num: 0
Female adult num: 0
Vampire num: 117
Total num: 117
-----------------------------
Round 41
Baby num: 0
Male adult num: 0
Female adult num: 0
Vampire num: 117
Total num: 117
-----------------------------
Round 42
Baby num: 0
Male adult num: 0
Female adult num: 0
Vampire num: 117
Total num: 117
-----------------------------
Round 43
Baby num: 0
Male adult num: 0
Female adult num: 0
Vampire num: 117
Total num: 117
-----------------------------
Round 44
Baby num: 0
Male adult num: 0
Female adult num: 0
Vampire num: 117
Total num: 117
-----------------------------
Round 45
Baby num: 0
Male adult num: 0
Female adult num: 0
Vampire num: 117
Total num: 117
-----------------------------
Round 46
Baby num: 0
Male adult num: 0
Female adult num: 0
Vampire num: 117
Total num: 117
-----------------------------
Round 47
Baby num: 0
Male adult num: 0
Female adult num: 0
Vampire num: 117
Total num: 117
-----------------------------
Round 48
Baby num: 0
Male adult num: 0
Female adult num: 0
Vampire num: 117
Total num: 117
-----------------------------
Round 49
Baby num: 0
Male adult num: 0
Female adult num: 0
Vampire num: 117
Total num: 117
-----------------------------
Round 50
Baby num: 0
Male adult num: 0
Female adult num: 0
Vampire num: 112
Total num: 112
-----------------------------
Round 51
Baby num: 0
Male adult num: 0
Female adult num: 0
Vampire num: 112
Total num: 112
-----------------------------
Round 52
Baby num: 0
Male adult num: 0
Female adult num: 0
Vampire num: 109
Total num: 109
-----------------------------
Round 53
Baby num: 0
Male adult num: 0
Female adult num: 0
Vampire num: 106
Total num: 106
-----------------------------
Round 54
Baby num: 0
Male adult num: 0
Female adult num: 0
Vampire num: 102
Total num: 102
-----------------------------
Round 55
Baby num: 0
Male adult num: 0
Female adult num: 0
Vampire num: 97
Total num: 97
-----------------------------
Round 56
Baby num: 0
Male adult num: 0
Female adult num: 0
Vampire num: 88
Total num: 88
-----------------------------
Round 57
Baby num: 0
Male adult num: 0
Female adult num: 0
Vampire num: 76
Total num: 76
-----------------------------
Round 58
Baby num: 0
Male adult num: 0
Female adult num: 0
Vampire num: 61
Total num: 61
-----------------------------
Round 59
Baby num: 0
Male adult num: 0
Female adult num: 0
Vampire num: 44
Total num: 44
-----------------------------
Round 60
Baby num: 0
Male adult num: 0
Female adult num: 0
Vampire num: 25
Total num: 25
-----------------------------
Round 61
Baby num: 0
Male adult num: 0
Female adult num: 0
Vampire num: 6
Total num: 6
-----------------------------
Round 0
Baby num: 5
Male adult num: 0
Female adult num: 0
Vampire num: 0
Total num: 5
-----------------------------
Round 1
Baby num: 2
Male adult num: 2
Female adult num: 3
Vampire num: 0
Total num: 7
-----------------------------
Round 2
Baby num: 5
Male adult num: 2
Female adult num: 3
Vampire num: 0
Total num: 10
-----------------------------
Round 3
Baby num: 6
Male adult num: 4
Female adult num: 3
Vampire num: 0
Total num: 13
-----------------------------
Round 4
Baby num: 7
Male adult num: 6
Female adult num: 4
Vampire num: 0
Total num: 17
-----------------------------
Round 5
Baby num: 10
Male adult num: 6
Female adult num: 6
Vampire num: 2
Total num: 24
-----------------------------
Round 6
Baby num: 13
Male adult num: 8
Female adult num: 6
Vampire num: 4
Total num: 31
-----------------------------
Round 7
Baby num: 16
Male adult num: 8
Female adult num: 8
Vampire num: 8
Total num: 40
-----------------------------
Round 8
Baby num: 18
Male adult num: 10
Female adult num: 5
Vampire num: 16
Total num: 49
-----------------------------
Round 9
Baby num: 17
Male adult num: 6
Female adult num: 2
Vampire num: 32
Total num: 57
-----------------------------
Round 10
Baby num: 0
Male adult num: 0
Female adult num: 0
Vampire num: 62
Total num: 62
-----------------------------
Round 11
Baby num: 0
Male adult num: 0
Female adult num: 0
Vampire num: 62
Total num: 62
-----------------------------
Round 12
Baby num: 0
Male adult num: 0
Female adult num: 0
Vampire num: 62
Total num: 62
-----------------------------
Round 13
Baby num: 0
Male adult num: 0
Female adult num: 0
Vampire num: 62
Total num: 62
-----------------------------
Round 14
Baby num: 0
Male adult num: 0
Female adult num: 0
Vampire num: 62
Total num: 62
-----------------------------
Round 15
Baby num: 0
Male adult num: 0
Female adult num: 0
Vampire num: 62
Total num: 62
-----------------------------
Round 16
Baby num: 0
Male adult num: 0
Female adult num: 0
Vampire num: 62
Total num: 62
-----------------------------
Round 17
Baby num: 0
Male adult num: 0
Female adult num: 0
Vampire num: 62
Total num: 62
-----------------------------
Round 18
Baby num: 0
Male adult num: 0
Female adult num: 0
Vampire num: 62
Total num: 62
-----------------------------
Round 19
Baby num: 0
Male adult num: 0
Female adult num: 0
Vampire num: 62
Total num: 62
-----------------------------
Round 20
Baby num: 0
Male adult num: 0
Female adult num: 0
Vampire num: 62
Total num: 62
-----------------------------
Round 21
Baby num: 0
Male adult num: 0
Female adult num: 0
Vampire num: 62
Total num: 62
-----------------------------
Round 22
Baby num: 0
Male adult num: 0
Female adult num: 0
Vampire num: 62
Total num: 62
-----------------------------
Round 23
Baby num: 0
Male adult num: 0
Female adult num: 0
Vampire num: 62
Total num: 62
-----------------------------
Round 24
Baby num: 0
Male adult num: 0
Female adult num: 0
Vampire num: 62
Total num: 62
-----------------------------
Round 25
Baby num: 0
Male adult num: 0
Female adult num: 0
Vampire num: 62
Total num: 62
-----------------------------
Round 26
Baby num: 0
Male adult num: 0
Female adult num: 0
Vampire num: 62
Total num: 62
-----------------------------
Round 27
Baby num: 0
Male adult num: 0
Female adult num: 0
Vampire num: 62
Total num: 62
-----------------------------
Round 28
Baby num: 0
Male adult num: 0
Female adult num: 0
Vampire num: 62
Total num: 62
-----------------------------
Round 29
Baby num: 0
Male adult num: 0
Female adult num: 0
Vampire num: 62
Total num: 62
-----------------------------
Round 30
Baby num: 0
Male adult num: 0
Female adult num: 0
Vampire num: 62
Total num: 62
-----------------------------
Round 31
Baby num: 0
Male adult num: 0
Female adult num: 0
Vampire num: 62
Total num: 62
-----------------------------
Round 32
Baby num: 0
Male adult num: 0
Female adult num: 0
Vampire num: 62
Total num: 62
-----------------------------
Round 33
Baby num: 0
Male adult num: 0
Female adult num: 0
Vampire num: 62
Total num: 62
-----------------------------
Round 34
Baby num: 0
Male adult num: 0
Female adult num: 0
Vampire num: 62
Total num: 62
-----------------------------
Round 35
Baby num: 0
Male adult num: 0
Female adult num: 0
Vampire num: 62
Total num: 62
-----------------------------
Round 36
Baby num: 0
Male adult num: 0
Female adult num: 0
Vampire num: 62
Total num: 62
-----------------------------
Round 37
Baby num: 0
Male adult num: 0
Female adult num: 0
Vampire num: 62
Total num: 62
-----------------------------
Round 38
Baby num: 0
Male adult num: 0
Female adult num: 0
Vampire num: 62
Total num: 62
-----------------------------
Round 39
Baby num: 0
Male adult num: 0
Female adult num: 0
Vampire num: 62
Total num: 62
-----------------------------
Round 40
Baby num: 0
Male adult num: 0
Female adult num: 0
Vampire num: 62
Total num: 62
-----------------------------
Round 41
Baby num: 0
Male adult num: 0
Female adult num: 0
Vampire num: 62
Total num: 62
-----------------------------
Round 42
Baby num: 0
Male adult num: 0
Female adult num: 0
Vampire num: 62
Total num: 62
-----------------------------
Round 43
Baby num: 0
Male adult num: 0
Female adult num: 0
Vampire num: 62
Total num: 62
-----------------------------
Round 44
Baby num: 0
Male adult num: 0
Female adult num: 0
Vampire num: 62
Total num: 62
-----------------------------
Round 45
Baby num: 0
Male adult num: 0
Female adult num: 0
Vampire num: 62
Total num: 62
-----------------------------
Round 46
Baby num: 0
Male adult num: 0
Female adult num: 0
Vampire num: 62
Total num: 62
-----------------------------
Round 47
Baby num: 0
Male adult num: 0
Female adult num: 0
Vampire num: 62
Total num: 62
-----------------------------
Round 48
Baby num: 0
Male adult num: 0
Female adult num: 0
Vampire num: 62
Total num: 62
-----------------------------
Round 49
Baby num: 0
Male adult num: 0
Female adult num: 0
Vampire num: 62
Total num: 62
-----------------------------
Round 50
Baby num: 0
Male adult num: 0
Female adult num: 0
Vampire num: 57
Total num: 57
-----------------------------
Round 51
Baby num: 0
Male adult num: 0
Female adult num: 0
Vampire num: 57
Total num: 57
-----------------------------
Round 52
Baby num: 0
Male adult num: 0
Female adult num: 0
Vampire num: 55
Total num: 55
-----------------------------
Round 53
Baby num: 0
Male adult num: 0
Female adult num: 0
Vampire num: 52
Total num: 52
-----------------------------
Round 54
Baby num: 0
Male adult num: 0
Female adult num: 0
Vampire num: 49
Total num: 49
-----------------------------
Round 55
Baby num: 0
Male adult num: 0
Female adult num: 0
Vampire num: 45
Total num: 45
-----------------------------
Round 56
Baby num: 0
Male adult num: 0
Female adult num: 0
Vampire num: 38
Total num: 38
-----------------------------
Round 57
Baby num: 0
Male adult num: 0
Female adult num: 0
Vampire num: 31
Total num: 31
-----------------------------
Round 58
Baby num: 0
Male adult num: 0
Female adult num: 0
Vampire num: 22
Total num: 22
-----------------------------
Round 59
Baby num: 0
Male adult num: 0
Female adult num: 0
Vampire num: 13
Total num: 13
-----------------------------
Round 60
Baby num: 0
Male adult num: 0
Female adult num: 0
Vampire num: 5
Total num: 5
